{"level":"DEBUG","time":"2022-08-15T10:58:34.796+0800","caller":"server/main.go:46","msg":"this is hello func","user":"q1mi","age":18}
{"level":"INFO","time":"2022-08-15T10:58:34.836+0800","caller":"Logger/logger.go:65","msg":"/hello","status":200,"method":"GET","path":"/hello","query":"","ip":"::1","user-agent":"Mozilla/5.0 (Windows NT 10.0; Win64; x64) AppleWebKit/537.36 (KHTML, like Gecko) Chrome/104.0.0.0 Safari/537.36","errors":"","cost":0.0412595}
{"level":"INFO","time":"2022-08-15T10:58:34.884+0800","caller":"Logger/logger.go:65","msg":"/favicon.ico","status":404,"method":"GET","path":"/favicon.ico","query":"","ip":"::1","user-agent":"Mozilla/5.0 (Windows NT 10.0; Win64; x64) AppleWebKit/537.36 (KHTML, like Gecko) Chrome/104.0.0.0 Safari/537.36","errors":"","cost":0}
{"level":"DEBUG","time":"2022-08-15T11:00:36.974+0800","caller":"server/main.go:46","msg":"this is hello func","user":"q1mi","age":18}
{"level":"INFO","time":"2022-08-15T11:00:36.974+0800","caller":"Logger/logger.go:65","msg":"/hello","status":200,"method":"GET","path":"/hello","query":"","ip":"::1","user-agent":"Mozilla/5.0 (Windows NT 10.0; Win64; x64) AppleWebKit/537.36 (KHTML, like Gecko) Chrome/104.0.0.0 Safari/537.36","errors":"","cost":0}
{"level":"DEBUG","time":"2022-08-15T12:22:52.881+0800","caller":"Controller/User.go:34","msg":"----**register**----","username":"","password":""}
{"level":"DEBUG","time":"2022-08-15T12:23:04.903+0800","caller":"Controller/User.go:34","msg":"----**register**----","username":"","password":""}
{"level":"DEBUG","time":"2022-08-15T12:24:58.029+0800","caller":"Controller/User.go:34","msg":"----**register**----","username":"ddd","password":"fff"}
{"level":"DEBUG","time":"2022-08-15T12:25:05.793+0800","caller":"Controller/User.go:34","msg":"----**register**----","username":"ddd","password":"fff"}
{"level":"DEBUG","time":"2022-08-15T21:12:21.501+0800","caller":"Controller/User.go:25","msg":"----register----","username":"ddd","password":"fff"}
{"level":"DEBUG","time":"2022-08-15T21:12:32.901+0800","caller":"Controller/User.go:25","msg":"----register----","username":"dddf","password":"fff"}
{"level":"DEBUG","time":"2022-08-15T21:41:35.141+0800","caller":"Controller/User.go:31","msg":"----register----","username":"dddff","password":"fff","id":138804778472833025}
{"level":"DEBUG","time":"2022-08-15T21:48:34.336+0800","caller":"Controller/User.go:31","msg":"----register----","username":"ddff","password":"fff","id":138805481756950529}
{"level":"DEBUG","time":"2022-08-15T21:54:19.525+0800","caller":"Controller/User.go:31","msg":"----register----","username":"FF099047AB5218D421D23B2AE1F4D746","password":"9915EF7CEE3E42478C81DFFB9B6219B7","id":138806060889669633}
{"level":"DEBUG","time":"2022-08-15T21:55:18.323+0800","caller":"Controller/User.go:31","msg":"----register----","username":"FB45A39E700CAD0FB550F348D15085AC","password":"C5952823246D343FD7573F00D85D2C74","id":138806159539699713}
{"level":"DEBUG","time":"2022-08-15T22:00:24.178+0800","caller":"Controller/User.go:31","msg":"----register----","username":"B96CE08CB6943A02BF6A739481D15978","password":"7AE2FB85B61449F40F4ED58F6F5BE47F","id":138806672670851073}
{"level":"DEBUG","time":"2022-08-15T22:02:12.573+0800","caller":"Controller/User.go:31","msg":"----register----","username":"B96CE08CB6943A02BF6A739481D15978","password":"7AE2FB85B61449F40F4ED58F6F5BE47F","id":138806854535872513}
{"level":"DEBUG","time":"2022-08-15T22:02:16.397+0800","caller":"Controller/User.go:31","msg":"----register----","username":"4E446F05E5D6720666BA26FAC4422282","password":"7AE2FB85B61449F40F4ED58F6F5BE47F","id":138806860944769025}
{"level":"DEBUG","time":"2022-08-15T22:05:45.533+0800","caller":"Controller/User.go:31","msg":"----register----","username":"abcds","password":"7AE2FB85B61449F40F4ED58F6F5BE47F","id":138807211823464449}
{"level":"DEBUG","time":"2022-08-15T22:07:09.399+0800","caller":"Controller/User.go:31","msg":"----register----","username":"abcd","password":"7AE2FB85B61449F40F4ED58F6F5BE47F","id":138807352517197825}
{"level":"INFO","time":"2022-08-16T16:42:37.236+0800","caller":"Logger/logger.go:65","msg":"/user/register","status":404,"method":"POST","path":"/user/register","query":"username=ddff&password=fff","ip":"::1","user-agent":"PostmanRuntime/7.29.2","errors":"","cost":0}
{"level":"DEBUG","time":"2022-08-16T16:42:55.265+0800","caller":"Controller/User.go:34","msg":"----register----","username":"ddff","password":"fff","id":138919669049327617}
{"level":"DEBUG","time":"2022-08-16T16:45:06.699+0800","caller":"Controller/User.go:34","msg":"----register----","username":"ddff","password":"fff","id":138919889552277505}
{"level":"INFO","time":"2022-08-16T16:49:13.710+0800","caller":"Logger/logger.go:65","msg":"/v1/user","status":404,"method":"GET","path":"/v1/user","query":"","ip":"::1","user-agent":"PostmanRuntime/7.29.2","errors":"","cost":0}
{"level":"ERROR","time":"2022-08-16T17:04:40.453+0800","caller":"Controller/User.go:130","msg":"RefreshToken Failed","error":"token contains an invalid number of segments"}
{"level":"ERROR","time":"2022-08-16T17:04:40.489+0800","caller":"Controller/User.go:134","msg":"GetCurrentUserID Failed","error":"当前用户未登录"}
{"level":"ERROR","time":"2022-08-16T17:05:36.024+0800","caller":"Controller/User.go:130","msg":"RefreshToken Failed","error":"token contains an invalid number of segments"}
{"level":"ERROR","time":"2022-08-16T17:07:08.681+0800","caller":"Controller/User.go:130","msg":"RefreshToken Failed","error":"token contains an invalid number of segments"}
{"level":"ERROR","time":"2022-08-16T17:11:16.358+0800","caller":"Controller/User.go:130","msg":"RefreshToken Failed","error":"token contains an invalid number of segments"}
{"level":"INFO","time":"2022-08-16T17:42:40.852+0800","caller":"Logger/logger.go:65","msg":"/user/register","status":404,"method":"POST","path":"/user/register","query":"username=abcd&password=7AE2FB85B61449F40F4ED58F6F5BE47F","ip":"::1","user-agent":"Mozilla/5.0 (Windows NT 10.0; Win64; x64) AppleWebKit/537.36 (KHTML, like Gecko) Chrome/104.0.0.0 Safari/537.36","errors":"","cost":0}
{"level":"DEBUG","time":"2022-08-16T17:43:12.038+0800","caller":"Controller/User.go:33","msg":"----register----","username":"abcd","password":"7AE2FB85B61449F40F4ED58F6F5BE47F","id":138925736982478849}
{"level":"DEBUG","time":"2022-08-16T17:43:22.566+0800","caller":"Controller/User.go:33","msg":"----register----","username":"123","password":"BDC350E2C9852BCDEB09BF27448E4C56","id":138925754648887297}
{"level":"DEBUG","time":"2022-08-16T18:04:43.731+0800","caller":"Controller/User.go:33","msg":"----register----","username":"123","password":"BDC350E2C9852BCDEB09BF27448E4C56","id":138927904095469569}
{"level":"ERROR","time":"2022-08-18T15:01:04.208+0800","caller":"Controller/User.go:140","msg":"RefreshToken Failed","error":"token contains an invalid number of segments"}
{"level":"INFO","time":"2022-08-18T15:12:17.920+0800","caller":"Logger/logger.go:65","msg":"/v1/refresh_token？eyJhbGciOiJIUzI1NiIsInR5cCI6IkpXVCJ9.eyJleHAiOjE2NjMzOTgwMTQsImlzcyI6Ikdvb2RHdXlzVGVhbSJ9.LA6Sv1Uwox-pZ5jLLX0seV31D6R5AgPiEQRkY1uOIs4","status":404,"method":"GET","path":"/v1/refresh_token？eyJhbGciOiJIUzI1NiIsInR5cCI6IkpXVCJ9.eyJleHAiOjE2NjMzOTgwMTQsImlzcyI6Ikdvb2RHdXlzVGVhbSJ9.LA6Sv1Uwox-pZ5jLLX0seV31D6R5AgPiEQRkY1uOIs4","query":"","ip":"::1","user-agent":"PostmanRuntime/7.29.2","errors":"","cost":0.0002301}
{"level":"ERROR","time":"2022-08-18T15:12:32.060+0800","caller":"Controller/User.go:140","msg":"RefreshToken Failed","error":"token contains an invalid number of segments"}
{"level":"ERROR","time":"2022-08-18T15:13:46.495+0800","caller":"Controller/User.go:139","msg":"RefreshToken Failed","error":"token contains an invalid number of segments"}
{"level":"ERROR","time":"2022-08-18T15:24:30.433+0800","caller":"Controller/User.go:139","msg":"RefreshToken Failed","error":"token contains an invalid number of segments"}
{"level":"ERROR","time":"2022-08-18T15:25:01.336+0800","caller":"Controller/User.go:139","msg":"RefreshToken Failed","error":"token contains an invalid number of segments"}
{"level":"INFO","time":"2022-08-18T15:59:54.986+0800","caller":"Logger/logger.go:65","msg":"/v1/post","status":404,"method":"GET","path":"/v1/post","query":"","ip":"::1","user-agent":"PostmanRuntime/7.29.2","errors":"","cost":0}
{"level":"DEBUG","time":"2022-08-18T16:03:31.282+0800","caller":"Controller/post.go:14","msg":"c.ShouldBindJSON(post) err","err":"json: cannot unmarshal string into Go struct field Post.community_id of type int64"}
{"level":"ERROR","time":"2022-08-18T16:03:31.282+0800","caller":"Controller/post.go:15","msg":"create post with invalid param"}
{"level":"DEBUG","time":"2022-08-18T16:32:27.261+0800","caller":"Controller/post.go:15","msg":"c.ShouldBindJSON(post) err","err":"json: cannot unmarshal string into Go struct field .community_id of type int64"}
{"level":"ERROR","time":"2022-08-18T16:32:27.298+0800","caller":"Controller/post.go:16","msg":"create post with invalid param"}
{"level":"DEBUG","time":"2022-08-18T16:37:35.031+0800","caller":"Controller/post.go:15","msg":"c.ShouldBindJSON(post) err","err":"invalid character '}' looking for beginning of object key string"}
{"level":"ERROR","time":"2022-08-18T16:37:35.031+0800","caller":"Controller/post.go:16","msg":"create post with invalid param"}
{"level":"DEBUG","time":"2022-08-18T16:37:43.247+0800","caller":"Controller/post.go:15","msg":"c.ShouldBindJSON(post) err","err":"未指定版块"}
{"level":"ERROR","time":"2022-08-18T16:37:43.247+0800","caller":"Controller/post.go:16","msg":"create post with invalid param"}
{"level":"DEBUG","time":"2022-08-18T16:37:59.574+0800","caller":"Controller/post.go:15","msg":"c.ShouldBindJSON(post) err","err":"帖子内容不能为空"}
{"level":"ERROR","time":"2022-08-18T16:37:59.574+0800","caller":"Controller/post.go:16","msg":"create post with invalid param"}
{"level":"ERROR","time":"2022-08-21T20:37:21.839+0800","caller":"Controller/post.go:78","msg":"Dao.Mgr.GetAuthorById() failed","postID":138925754648887297,"error":"sql: Scan error on column index 0, name \"username\": unsupported Scan, storing driver.Value type []uint8 into type *Dao.UserResult"}
{"level":"ERROR","time":"2022-08-21T20:37:21.840+0800","caller":"Controller/post.go:78","msg":"Dao.Mgr.GetAuthorById() failed","postID":138925754648887297,"error":"sql: Scan error on column index 0, name \"username\": unsupported Scan, storing driver.Value type []uint8 into type *Dao.UserResult"}
{"level":"ERROR","time":"2022-08-21T20:37:21.841+0800","caller":"Controller/post.go:78","msg":"Dao.Mgr.GetAuthorById() failed","postID":138925754648887297,"error":"sql: Scan error on column index 0, name \"username\": unsupported Scan, storing driver.Value type []uint8 into type *Dao.UserResult"}
{"level":"ERROR","time":"2022-08-21T20:37:21.842+0800","caller":"Controller/post.go:78","msg":"Dao.Mgr.GetAuthorById() failed","postID":138925754648887297,"error":"sql: Scan error on column index 0, name \"username\": unsupported Scan, storing driver.Value type []uint8 into type *Dao.UserResult"}
{"level":"ERROR","time":"2022-08-21T20:37:21.842+0800","caller":"Controller/post.go:78","msg":"Dao.Mgr.GetAuthorById() failed","postID":138925754648887297,"error":"sql: Scan error on column index 0, name \"username\": unsupported Scan, storing driver.Value type []uint8 into type *Dao.UserResult"}
{"level":"ERROR","time":"2022-08-21T20:37:21.843+0800","caller":"Controller/post.go:78","msg":"Dao.Mgr.GetAuthorById() failed","postID":138919669049327617,"error":"sql: Scan error on column index 0, name \"username\": unsupported Scan, storing driver.Value type []uint8 into type *Dao.UserResult"}
{"level":"ERROR","time":"2022-08-21T20:37:21.844+0800","caller":"Controller/post.go:78","msg":"Dao.Mgr.GetAuthorById() failed","postID":138919669049327617,"error":"sql: Scan error on column index 0, name \"username\": unsupported Scan, storing driver.Value type []uint8 into type *Dao.UserResult"}
{"level":"ERROR","time":"2022-08-21T20:38:59.953+0800","caller":"Controller/post.go:78","msg":"Dao.Mgr.GetAuthorById() failed","postID":138925754648887297,"error":"sql: Scan error on column index 0, name \"username\": unsupported Scan, storing driver.Value type []uint8 into type *Dao.UserResult"}
{"level":"ERROR","time":"2022-08-21T20:38:59.953+0800","caller":"Controller/post.go:78","msg":"Dao.Mgr.GetAuthorById() failed","postID":138925754648887297,"error":"sql: Scan error on column index 0, name \"username\": unsupported Scan, storing driver.Value type []uint8 into type *Dao.UserResult"}
{"level":"ERROR","time":"2022-08-21T20:38:59.955+0800","caller":"Controller/post.go:78","msg":"Dao.Mgr.GetAuthorById() failed","postID":138925754648887297,"error":"sql: Scan error on column index 0, name \"username\": unsupported Scan, storing driver.Value type []uint8 into type *Dao.UserResult"}
{"level":"ERROR","time":"2022-08-21T20:38:59.956+0800","caller":"Controller/post.go:78","msg":"Dao.Mgr.GetAuthorById() failed","postID":138925754648887297,"error":"sql: Scan error on column index 0, name \"username\": unsupported Scan, storing driver.Value type []uint8 into type *Dao.UserResult"}
{"level":"ERROR","time":"2022-08-21T20:38:59.957+0800","caller":"Controller/post.go:78","msg":"Dao.Mgr.GetAuthorById() failed","postID":138925754648887297,"error":"sql: Scan error on column index 0, name \"username\": unsupported Scan, storing driver.Value type []uint8 into type *Dao.UserResult"}
{"level":"ERROR","time":"2022-08-21T20:38:59.958+0800","caller":"Controller/post.go:78","msg":"Dao.Mgr.GetAuthorById() failed","postID":138919669049327617,"error":"sql: Scan error on column index 0, name \"username\": unsupported Scan, storing driver.Value type []uint8 into type *Dao.UserResult"}
{"level":"ERROR","time":"2022-08-21T20:38:59.959+0800","caller":"Controller/post.go:78","msg":"Dao.Mgr.GetAuthorById() failed","postID":138919669049327617,"error":"sql: Scan error on column index 0, name \"username\": unsupported Scan, storing driver.Value type []uint8 into type *Dao.UserResult"}
{"level":"ERROR","time":"2022-08-21T20:40:31.961+0800","caller":"Controller/post.go:78","msg":"Dao.Mgr.GetAuthorById() failed","postID":138925754648887297,"error":"sql: Scan error on column index 0, name \"username\": unsupported Scan, storing driver.Value type []uint8 into type *Dao.UserResult"}
{"level":"ERROR","time":"2022-08-21T20:40:31.962+0800","caller":"Controller/post.go:78","msg":"Dao.Mgr.GetAuthorById() failed","postID":138925754648887297,"error":"sql: Scan error on column index 0, name \"username\": unsupported Scan, storing driver.Value type []uint8 into type *Dao.UserResult"}
{"level":"ERROR","time":"2022-08-21T20:40:31.962+0800","caller":"Controller/post.go:78","msg":"Dao.Mgr.GetAuthorById() failed","postID":138925754648887297,"error":"sql: Scan error on column index 0, name \"username\": unsupported Scan, storing driver.Value type []uint8 into type *Dao.UserResult"}
{"level":"ERROR","time":"2022-08-21T20:40:31.962+0800","caller":"Controller/post.go:78","msg":"Dao.Mgr.GetAuthorById() failed","postID":138925754648887297,"error":"sql: Scan error on column index 0, name \"username\": unsupported Scan, storing driver.Value type []uint8 into type *Dao.UserResult"}
{"level":"ERROR","time":"2022-08-21T20:40:31.963+0800","caller":"Controller/post.go:78","msg":"Dao.Mgr.GetAuthorById() failed","postID":138925754648887297,"error":"sql: Scan error on column index 0, name \"username\": unsupported Scan, storing driver.Value type []uint8 into type *Dao.UserResult"}
{"level":"ERROR","time":"2022-08-21T20:40:31.964+0800","caller":"Controller/post.go:78","msg":"Dao.Mgr.GetAuthorById() failed","postID":138919669049327617,"error":"sql: Scan error on column index 0, name \"username\": unsupported Scan, storing driver.Value type []uint8 into type *Dao.UserResult"}
{"level":"ERROR","time":"2022-08-21T20:40:31.964+0800","caller":"Controller/post.go:78","msg":"Dao.Mgr.GetAuthorById() failed","postID":138919669049327617,"error":"sql: Scan error on column index 0, name \"username\": unsupported Scan, storing driver.Value type []uint8 into type *Dao.UserResult"}
{"level":"ERROR","time":"2022-08-21T20:59:01.655+0800","caller":"Controller/post.go:61","msg":"Get post list detail with invalid param (latestTime) .","error":"strconv.ParseInt: parsing \"[object Object]\": invalid syntax"}
{"level":"ERROR","time":"2022-08-21T22:16:27.332+0800","caller":"Controller/post.go:71","msg":"Dao.Mgr.GetList(latestTime) failed.","error":"Author: unsupported relations for schema Post"}
{"level":"ERROR","time":"2022-08-21T22:38:31.610+0800","caller":"Controller/post.go:64","msg":"Get post list detail with invalid param (latestTime) .","error":"strconv.ParseInt: parsing \"\": invalid syntax"}
{"level":"ERROR","time":"2022-08-21T22:38:31.610+0800","caller":"Controller/post.go:64","msg":"Get post list detail with invalid param (latestTime) .","error":"strconv.ParseInt: parsing \"[object Object]\": invalid syntax"}
{"level":"ERROR","time":"2022-08-21T22:38:32.495+0800","caller":"Controller/post.go:64","msg":"Get post list detail with invalid param (latestTime) .","error":"strconv.ParseInt: parsing \"\": invalid syntax"}
{"level":"ERROR","time":"2022-08-21T22:38:32.496+0800","caller":"Controller/post.go:64","msg":"Get post list detail with invalid param (latestTime) .","error":"strconv.ParseInt: parsing \"[object Object]\": invalid syntax"}
{"level":"ERROR","time":"2022-08-21T22:38:41.802+0800","caller":"Controller/post.go:64","msg":"Get post list detail with invalid param (latestTime) .","error":"strconv.ParseInt: parsing \"[object Object]\": invalid syntax"}
{"level":"ERROR","time":"2022-08-21T22:39:25.911+0800","caller":"Controller/post.go:64","msg":"Get post list detail with invalid param (latestTime) .","error":"strconv.ParseInt: parsing \"\": invalid syntax"}
{"level":"ERROR","time":"2022-08-21T22:39:37.285+0800","caller":"Controller/post.go:64","msg":"Get post list detail with invalid param (latestTime) .","error":"strconv.ParseInt: parsing \"[object Object]\": invalid syntax"}
{"level":"ERROR","time":"2022-08-21T22:39:38.983+0800","caller":"Controller/post.go:64","msg":"Get post list detail with invalid param (latestTime) .","error":"strconv.ParseInt: parsing \"[object Object]\": invalid syntax"}
{"level":"ERROR","time":"2022-08-21T22:39:59.950+0800","caller":"Controller/post.go:64","msg":"Get post list detail with invalid param (latestTime) .","error":"strconv.ParseInt: parsing \"\": invalid syntax"}
{"level":"ERROR","time":"2022-08-21T22:40:13.641+0800","caller":"Controller/post.go:64","msg":"Get post list detail with invalid param (latestTime) .","error":"strconv.ParseInt: parsing \"[object Object]\": invalid syntax"}
{"level":"ERROR","time":"2022-08-21T22:40:14.173+0800","caller":"Controller/post.go:64","msg":"Get post list detail with invalid param (latestTime) .","error":"strconv.ParseInt: parsing \"[object Object]\": invalid syntax"}
{"level":"ERROR","time":"2022-08-21T22:40:41.208+0800","caller":"Controller/post.go:64","msg":"Get post list detail with invalid param (latestTime) .","error":"strconv.ParseInt: parsing \"[object Object]\": invalid syntax"}
{"level":"ERROR","time":"2022-08-21T22:42:03.606+0800","caller":"Controller/post.go:64","msg":"Get post list detail with invalid param (latestTime) .","error":"strconv.ParseInt: parsing \"\": invalid syntax"}
{"level":"ERROR","time":"2022-08-21T22:42:08.907+0800","caller":"Controller/post.go:64","msg":"Get post list detail with invalid param (latestTime) .","error":"strconv.ParseInt: parsing \"\": invalid syntax"}
{"level":"ERROR","time":"2022-08-21T22:42:16.171+0800","caller":"Controller/post.go:64","msg":"Get post list detail with invalid param (latestTime) .","error":"strconv.ParseInt: parsing \"[object Object]\": invalid syntax"}
{"level":"ERROR","time":"2022-08-21T22:42:17.155+0800","caller":"Controller/post.go:64","msg":"Get post list detail with invalid param (latestTime) .","error":"strconv.ParseInt: parsing \"[object Object]\": invalid syntax"}
{"level":"ERROR","time":"2022-08-21T22:43:01.534+0800","caller":"Controller/post.go:64","msg":"Get post list detail with invalid param (latestTime) .","error":"strconv.ParseInt: parsing \"\": invalid syntax"}
{"level":"ERROR","time":"2022-08-21T22:43:05.210+0800","caller":"Controller/post.go:64","msg":"Get post list detail with invalid param (latestTime) .","error":"strconv.ParseInt: parsing \"\": invalid syntax"}
{"level":"ERROR","time":"2022-08-21T22:43:10.123+0800","caller":"Controller/post.go:64","msg":"Get post list detail with invalid param (latestTime) .","error":"strconv.ParseInt: parsing \"undefined\": invalid syntax"}
{"level":"ERROR","time":"2022-08-21T22:43:10.552+0800","caller":"Controller/post.go:64","msg":"Get post list detail with invalid param (latestTime) .","error":"strconv.ParseInt: parsing \"undefined\": invalid syntax"}
{"level":"ERROR","time":"2022-08-21T22:45:00.651+0800","caller":"Controller/post.go:64","msg":"Get post list detail with invalid param (latestTime) .","error":"strconv.ParseInt: parsing \"\": invalid syntax"}
{"level":"ERROR","time":"2022-08-21T22:45:22.004+0800","caller":"Controller/post.go:64","msg":"Get post list detail with invalid param (latestTime) .","error":"strconv.ParseInt: parsing \"\": invalid syntax"}
{"level":"ERROR","time":"2022-08-21T22:45:51.851+0800","caller":"Controller/post.go:64","msg":"Get post list detail with invalid param (latestTime) .","error":"strconv.ParseInt: parsing \"undefined\": invalid syntax"}
{"level":"ERROR","time":"2022-08-21T22:45:53.641+0800","caller":"Controller/post.go:64","msg":"Get post list detail with invalid param (latestTime) .","error":"strconv.ParseInt: parsing \"undefined\": invalid syntax"}
{"level":"ERROR","time":"2022-08-21T22:46:12.232+0800","caller":"Controller/post.go:64","msg":"Get post list detail with invalid param (latestTime) .","error":"strconv.ParseInt: parsing \"undefined\": invalid syntax"}
{"level":"ERROR","time":"2022-08-21T22:46:24.251+0800","caller":"Controller/post.go:64","msg":"Get post list detail with invalid param (latestTime) .","error":"strconv.ParseInt: parsing \"undefined\": invalid syntax"}
{"level":"ERROR","time":"2022-08-21T22:49:59.594+0800","caller":"Controller/post.go:64","msg":"Get post list detail with invalid param (latestTime) .","error":"strconv.ParseInt: parsing \"\": invalid syntax"}
{"level":"ERROR","time":"2022-08-21T22:50:07.412+0800","caller":"Controller/post.go:64","msg":"Get post list detail with invalid param (latestTime) .","error":"strconv.ParseInt: parsing \"undefined\": invalid syntax"}
{"level":"ERROR","time":"2022-08-21T22:50:16.612+0800","caller":"Controller/post.go:64","msg":"Get post list detail with invalid param (latestTime) .","error":"strconv.ParseInt: parsing \"undefined\": invalid syntax"}
{"level":"ERROR","time":"2022-08-21T22:55:46.193+0800","caller":"Controller/post.go:64","msg":"Get post list detail with invalid param (latestTime) .","error":"strconv.ParseInt: parsing \"\": invalid syntax"}
{"level":"ERROR","time":"2022-08-21T22:55:52.535+0800","caller":"Controller/post.go:64","msg":"Get post list detail with invalid param (latestTime) .","error":"strconv.ParseInt: parsing \"undefined\": invalid syntax"}
